[32minfo[39m: Connected to email server
[32minfo[39m: Connected to MongoDB
[32minfo[39m: Listening to port 3000
[31merror[39m: Error: Please authenticate
    at /usr/src/node-app/src/middlewares/auth.js:8:19
    at allFailed (/usr/src/node-app/node_modules/passport/lib/middleware/authenticate.js:107:18)
    at attempt (/usr/src/node-app/node_modules/passport/lib/middleware/authenticate.js:180:28)
    at strategy.fail (/usr/src/node-app/node_modules/passport/lib/middleware/authenticate.js:302:9)
    at /usr/src/node-app/node_modules/passport-jwt/lib/strategy.js:106:33
    at /usr/src/node-app/node_modules/jsonwebtoken/verify.js:152:16
    at getSecret (/usr/src/node-app/node_modules/jsonwebtoken/verify.js:90:14)
    at module.exports [as verify] (/usr/src/node-app/node_modules/jsonwebtoken/verify.js:94:10)
    at module.exports [as JwtVerifier] (/usr/src/node-app/node_modules/passport-jwt/lib/verify_jwt.js:4:16)
    at /usr/src/node-app/node_modules/passport-jwt/lib/strategy.js:104:25
    at JwtStrategy._secretOrKeyProvider (/usr/src/node-app/node_modules/passport-jwt/lib/strategy.js:40:13)
    at JwtStrategy.authenticate (/usr/src/node-app/node_modules/passport-jwt/lib/strategy.js:99:10)
    at attempt (/usr/src/node-app/node_modules/passport/lib/middleware/authenticate.js:366:16)
    at authenticate (/usr/src/node-app/node_modules/passport/lib/middleware/authenticate.js:367:7)
    at /usr/src/node-app/src/middlewares/auth.js:25:107
    at new Promise (<anonymous>)
[31merror[39m: GET /v1/users 401 - 12.132 ms - message: Please authenticate
[32minfo[39m: Connected to email server
[32minfo[39m: Connected to MongoDB
[32minfo[39m: Listening to port 3000
[32minfo[39m: Connected to email server
[32minfo[39m: Connected to MongoDB
[32minfo[39m: Listening to port 3000
[32minfo[39m: Connected to email server
[32minfo[39m: Connected to MongoDB
[32minfo[39m: Listening to port 3000
[32minfo[39m: Connected to email server
[32minfo[39m: Connected to MongoDB
[32minfo[39m: Listening to port 3000
[32minfo[39m: Connected to email server
[32minfo[39m: Connected to MongoDB
[32minfo[39m: Listening to port 3000
[32minfo[39m: Connected to email server
[32minfo[39m: Connected to MongoDB
[32minfo[39m: Listening to port 3000
[32minfo[39m: Connected to email server
[32minfo[39m: Connected to email server
[32minfo[39m: Connected to MongoDB
[32minfo[39m: Listening to port 3000
[32minfo[39m: Connected to email server
[32minfo[39m: Connected to MongoDB
[32minfo[39m: Listening to port 3000
[31merror[39m: Error: Please authenticate
    at /usr/src/node-app/src/middlewares/auth.js:8:19
    at allFailed (/usr/src/node-app/node_modules/passport/lib/middleware/authenticate.js:107:18)
    at attempt (/usr/src/node-app/node_modules/passport/lib/middleware/authenticate.js:180:28)
    at strategy.fail (/usr/src/node-app/node_modules/passport/lib/middleware/authenticate.js:302:9)
    at /usr/src/node-app/node_modules/passport-jwt/lib/strategy.js:106:33
    at /usr/src/node-app/node_modules/jsonwebtoken/verify.js:152:16
    at getSecret (/usr/src/node-app/node_modules/jsonwebtoken/verify.js:90:14)
    at module.exports [as verify] (/usr/src/node-app/node_modules/jsonwebtoken/verify.js:94:10)
    at module.exports [as JwtVerifier] (/usr/src/node-app/node_modules/passport-jwt/lib/verify_jwt.js:4:16)
    at /usr/src/node-app/node_modules/passport-jwt/lib/strategy.js:104:25
    at JwtStrategy._secretOrKeyProvider (/usr/src/node-app/node_modules/passport-jwt/lib/strategy.js:40:13)
    at JwtStrategy.authenticate (/usr/src/node-app/node_modules/passport-jwt/lib/strategy.js:99:10)
    at attempt (/usr/src/node-app/node_modules/passport/lib/middleware/authenticate.js:366:16)
    at authenticate (/usr/src/node-app/node_modules/passport/lib/middleware/authenticate.js:367:7)
    at /usr/src/node-app/src/middlewares/auth.js:25:107
    at new Promise (<anonymous>)
[31merror[39m: GET /v1/users 401 - 8.369 ms - message: Please authenticate
[32minfo[39m: POST /v1/auth/login 200 - 536.829 ms
[32minfo[39m: GET /v1/users 200 - 469.536 ms
[32minfo[39m: Connected to email server
[32minfo[39m: Connected to MongoDB
[32minfo[39m: Listening to port 3000
[32minfo[39m: GET /v1/users 200 - 500.713 ms
[32minfo[39m: Connected to email server
[32minfo[39m: Connected to MongoDB
[32minfo[39m: Listening to port 3000
[32minfo[39m: Connected to email server
[32minfo[39m: Connected to MongoDB
[32minfo[39m: Listening to port 3000
[31merror[39m: ReferenceError: logger is not defined
    at /usr/src/node-app/src/controllers/user.controller.js:17:3
    at process.processTicksAndRejections (node:internal/process/task_queues:95:5)
[31merror[39m: GET /v1/users 500 - 469.104 ms - message: logger is not defined
[32minfo[39m: Connected to email server
[32minfo[39m: Connected to MongoDB
[32minfo[39m: Listening to port 3000
[32minfo[39m: Connected to email server
[32minfo[39m: Connected to MongoDB
[32minfo[39m: Listening to port 3000
[32minfo[39m: Connected to email server
[32minfo[39m: Connected to MongoDB
[32minfo[39m: Listening to port 3000
[32minfo[39m: Result: 
[32minfo[39m: GET /v1/users 200 - 1101.118 ms
[32minfo[39m: Connected to email server
[32minfo[39m: Connected to MongoDB
[32minfo[39m: Listening to port 3000
[32minfo[39m: Result: 
[32minfo[39m: GET /v1/users 200 - 1214.965 ms
[32minfo[39m: Connected to email server
[32minfo[39m: Connected to MongoDB
[32minfo[39m: Listening to port 3000
[32minfo[39m: Result: 
[32minfo[39m: GET /v1/users 200 - 504.471 ms
[32minfo[39m: Connected to email server
[32minfo[39m: Connected to MongoDB
[32minfo[39m: Listening to port 3000
[32minfo[39m: Result: 
[32minfo[39m: GET /v1/users 200 - 744.920 ms
[32minfo[39m: Connected to email server
[32minfo[39m: Connected to MongoDB
[32minfo[39m: Listening to port 3000
[32minfo[39m: Connected to email server
[32minfo[39m: Connected to MongoDB
[32minfo[39m: Listening to port 3000
[32minfo[39m: Connected to email server
[32minfo[39m: Connected to MongoDB
[32minfo[39m: Listening to port 3000
[32minfo[39m: [UserID: 667fff5dc66738106bd4331a] Result: 
[32minfo[39m: GET /v1/users 200 - 799.626 ms
[32minfo[39m: Connected to email server
[32minfo[39m: Connected to MongoDB
[32minfo[39m: Listening to port 3000
[31merror[39m: (node:278) [DEP0040] DeprecationWarning: The `punycode` module is deprecated. Please use a userland alternative instead.
(Use `node --trace-deprecation ...` to show where the warning was created)
[31merror[39m: (node:278) [DEP0170] DeprecationWarning: The URL mongodb://multipletrickscom:dYaidKoaW2USZ2Cp@ac-g46iis5-shard-00-02.ztu6p6j.mongodb.net:27017,ac-g46iis5-shard-00-00.ztu6p6j.mongodb.net:27017,ac-g46iis5-shard-00-01.ztu6p6j.mongodb.net:27017/smdbm001?authSource=admin&replicaSet=atlas-ebsjxz-shard-0&retryWrites=true&w=majority&appName=Cluster0&ssl=true is invalid. Future versions of Node.js will throw an error.
[32minfo[39m: Connected to email server
[32minfo[39m: Connected to MongoDB
[32minfo[39m: Listening to port 3000
[32minfo[39m: result
[32minfo[39m: [UserID: 667fff5dc66738106bd4331a] Result: 
[32minfo[39m: GET /v1/users 200 - 480.909 ms
[31merror[39m: (node:47) [DEP0040] DeprecationWarning: The `punycode` module is deprecated. Please use a userland alternative instead.
(Use `node --trace-deprecation ...` to show where the warning was created)
[31merror[39m: (node:47) [DEP0170] DeprecationWarning: The URL mongodb://multipletrickscom:dYaidKoaW2USZ2Cp@ac-g46iis5-shard-00-02.ztu6p6j.mongodb.net:27017,ac-g46iis5-shard-00-00.ztu6p6j.mongodb.net:27017,ac-g46iis5-shard-00-01.ztu6p6j.mongodb.net:27017/smdbm001?authSource=admin&replicaSet=atlas-ebsjxz-shard-0&retryWrites=true&w=majority&appName=Cluster0&ssl=true is invalid. Future versions of Node.js will throw an error.
[32minfo[39m: Connected to email server
[32minfo[39m: Connected to MongoDB
[32minfo[39m: Listening to port 3000
[32minfo[39m: result
[32minfo[39m: [UserID: 667fff5dc66738106bd4331a] Result: 
[32minfo[39m: GET /v1/users 200 - 476.185 ms
[32minfo[39m: Connected to email server
[32minfo[39m: Connected to MongoDB
[32minfo[39m: Listening to port 3000
[31merror[39m: (node:75) [DEP0040] DeprecationWarning: The `punycode` module is deprecated. Please use a userland alternative instead.
(Use `node --trace-deprecation ...` to show where the warning was created)
[31merror[39m: (node:75) [DEP0170] DeprecationWarning: The URL mongodb://multipletrickscom:dYaidKoaW2USZ2Cp@ac-g46iis5-shard-00-00.ztu6p6j.mongodb.net:27017,ac-g46iis5-shard-00-01.ztu6p6j.mongodb.net:27017,ac-g46iis5-shard-00-02.ztu6p6j.mongodb.net:27017/smdbm001?authSource=admin&replicaSet=atlas-ebsjxz-shard-0&retryWrites=true&w=majority&appName=Cluster0&ssl=true is invalid. Future versions of Node.js will throw an error.
[32minfo[39m: Connected to email server
[32minfo[39m: Connected to MongoDB
[32minfo[39m: Listening to port 3000
[31merror[39m: (node:88) [DEP0040] DeprecationWarning: The `punycode` module is deprecated. Please use a userland alternative instead.
(Use `node --trace-deprecation ...` to show where the warning was created)
[31merror[39m: (node:88) [DEP0170] DeprecationWarning: The URL mongodb://multipletrickscom:dYaidKoaW2USZ2Cp@ac-g46iis5-shard-00-00.ztu6p6j.mongodb.net:27017,ac-g46iis5-shard-00-01.ztu6p6j.mongodb.net:27017,ac-g46iis5-shard-00-02.ztu6p6j.mongodb.net:27017/smdbm001?authSource=admin&replicaSet=atlas-ebsjxz-shard-0&retryWrites=true&w=majority&appName=Cluster0&ssl=true is invalid. Future versions of Node.js will throw an error.
[32minfo[39m: Connected to email server
[32minfo[39m: Connected to MongoDB
[32minfo[39m: Listening to port 3000
[31merror[39m: (node:103) [DEP0040] DeprecationWarning: The `punycode` module is deprecated. Please use a userland alternative instead.
(Use `node --trace-deprecation ...` to show where the warning was created)
[31merror[39m: (node:103) [DEP0170] DeprecationWarning: The URL mongodb://multipletrickscom:dYaidKoaW2USZ2Cp@ac-g46iis5-shard-00-00.ztu6p6j.mongodb.net:27017,ac-g46iis5-shard-00-01.ztu6p6j.mongodb.net:27017,ac-g46iis5-shard-00-02.ztu6p6j.mongodb.net:27017/smdbm001?authSource=admin&replicaSet=atlas-ebsjxz-shard-0&retryWrites=true&w=majority&appName=Cluster0&ssl=true is invalid. Future versions of Node.js will throw an error.
[32minfo[39m: Connected to email server
[32minfo[39m: Connected to MongoDB
[32minfo[39m: Listening to port 3000
[32minfo[39m: result
[32minfo[39m: [UserID: 667fff5dc66738106bd4331a] Result: 
[32minfo[39m: GET /v1/users 200 - 488.171 ms
[31merror[39m: (node:117) [DEP0040] DeprecationWarning: The `punycode` module is deprecated. Please use a userland alternative instead.
(Use `node --trace-deprecation ...` to show where the warning was created)
[31merror[39m: (node:117) [DEP0170] DeprecationWarning: The URL mongodb://multipletrickscom:dYaidKoaW2USZ2Cp@ac-g46iis5-shard-00-01.ztu6p6j.mongodb.net:27017,ac-g46iis5-shard-00-02.ztu6p6j.mongodb.net:27017,ac-g46iis5-shard-00-00.ztu6p6j.mongodb.net:27017/smdbm001?authSource=admin&replicaSet=atlas-ebsjxz-shard-0&retryWrites=true&w=majority&appName=Cluster0&ssl=true is invalid. Future versions of Node.js will throw an error.
[32minfo[39m: Connected to email server
[32minfo[39m: Connected to email server
[32minfo[39m: Connected to MongoDB
[32minfo[39m: Listening to port 3000
[32minfo[39m: Connected to email server
[32minfo[39m: Connected to MongoDB
[32minfo[39m: Listening to port 3000
[31merror[39m: (node:159) [DEP0040] DeprecationWarning: The `punycode` module is deprecated. Please use a userland alternative instead.
(Use `node --trace-deprecation ...` to show where the warning was created)
[31merror[39m: (node:159) [DEP0170] DeprecationWarning: The URL mongodb://multipletrickscom:dYaidKoaW2USZ2Cp@ac-g46iis5-shard-00-02.ztu6p6j.mongodb.net:27017,ac-g46iis5-shard-00-00.ztu6p6j.mongodb.net:27017,ac-g46iis5-shard-00-01.ztu6p6j.mongodb.net:27017/smdbm001?authSource=admin&replicaSet=atlas-ebsjxz-shard-0&retryWrites=true&w=majority&appName=Cluster0&ssl=true is invalid. Future versions of Node.js will throw an error.
[31merror[39m: (node:47) [DEP0040] DeprecationWarning: The `punycode` module is deprecated. Please use a userland alternative instead.
(Use `node --trace-deprecation ...` to show where the warning was created)
[31merror[39m: (node:47) [DEP0170] DeprecationWarning: The URL mongodb://multipletrickscom:dYaidKoaW2USZ2Cp@ac-g46iis5-shard-00-02.ztu6p6j.mongodb.net:27017,ac-g46iis5-shard-00-00.ztu6p6j.mongodb.net:27017,ac-g46iis5-shard-00-01.ztu6p6j.mongodb.net:27017/smdbm001?authSource=admin&replicaSet=atlas-ebsjxz-shard-0&retryWrites=true&w=majority&appName=Cluster0&ssl=true is invalid. Future versions of Node.js will throw an error.
[32minfo[39m: Connected to email server
[32minfo[39m: Connected to MongoDB
[32minfo[39m: Listening to port 3000
[32minfo[39m: result
[32minfo[39m: [UserID: 667fff5dc66738106bd4331a] Result: 
[32minfo[39m: GET /v1/users 200 - 476.905 ms
[31merror[39m: (node:72) [DEP0040] DeprecationWarning: The `punycode` module is deprecated. Please use a userland alternative instead.
(Use `node --trace-deprecation ...` to show where the warning was created)
[31merror[39m: (node:72) [DEP0170] DeprecationWarning: The URL mongodb://multipletrickscom:dYaidKoaW2USZ2Cp@ac-g46iis5-shard-00-01.ztu6p6j.mongodb.net:27017,ac-g46iis5-shard-00-02.ztu6p6j.mongodb.net:27017,ac-g46iis5-shard-00-00.ztu6p6j.mongodb.net:27017/smdbm001?authSource=admin&replicaSet=atlas-ebsjxz-shard-0&retryWrites=true&w=majority&appName=Cluster0&ssl=true is invalid. Future versions of Node.js will throw an error.
[31merror[39m: (node:86) [DEP0040] DeprecationWarning: The `punycode` module is deprecated. Please use a userland alternative instead.
(Use `node --trace-deprecation ...` to show where the warning was created)
[31merror[39m: (node:86) [DEP0170] DeprecationWarning: The URL mongodb://multipletrickscom:dYaidKoaW2USZ2Cp@ac-g46iis5-shard-00-01.ztu6p6j.mongodb.net:27017,ac-g46iis5-shard-00-02.ztu6p6j.mongodb.net:27017,ac-g46iis5-shard-00-00.ztu6p6j.mongodb.net:27017/smdbm001?authSource=admin&replicaSet=atlas-ebsjxz-shard-0&retryWrites=true&w=majority&appName=Cluster0&ssl=true is invalid. Future versions of Node.js will throw an error.
[32minfo[39m: Connected to email server
[32minfo[39m: Connected to MongoDB
[32minfo[39m: Listening to port 3000
[32minfo[39m: result
[32minfo[39m: Result: 
[32minfo[39m: GET /v1/users 200 - 588.172 ms
[31merror[39m: (node:136) [DEP0040] DeprecationWarning: The `punycode` module is deprecated. Please use a userland alternative instead.
(Use `node --trace-deprecation ...` to show where the warning was created)
[31merror[39m: (node:136) [DEP0170] DeprecationWarning: The URL mongodb://multipletrickscom:dYaidKoaW2USZ2Cp@ac-g46iis5-shard-00-00.ztu6p6j.mongodb.net:27017,ac-g46iis5-shard-00-01.ztu6p6j.mongodb.net:27017,ac-g46iis5-shard-00-02.ztu6p6j.mongodb.net:27017/smdbm001?authSource=admin&replicaSet=atlas-ebsjxz-shard-0&retryWrites=true&w=majority&appName=Cluster0&ssl=true is invalid. Future versions of Node.js will throw an error.
[32minfo[39m: Connected to email server
[32minfo[39m: Connected to MongoDB
[32minfo[39m: Listening to port 3000
[32minfo[39m: result
[32minfo[39m: Result:  
[32minfo[39m: GET /v1/users 200 - 493.899 ms
[31merror[39m: (node:150) [DEP0040] DeprecationWarning: The `punycode` module is deprecated. Please use a userland alternative instead.
(Use `node --trace-deprecation ...` to show where the warning was created)
[31merror[39m: (node:150) [DEP0170] DeprecationWarning: The URL mongodb://multipletrickscom:dYaidKoaW2USZ2Cp@ac-g46iis5-shard-00-00.ztu6p6j.mongodb.net:27017,ac-g46iis5-shard-00-01.ztu6p6j.mongodb.net:27017,ac-g46iis5-shard-00-02.ztu6p6j.mongodb.net:27017/smdbm001?authSource=admin&replicaSet=atlas-ebsjxz-shard-0&retryWrites=true&w=majority&appName=Cluster0&ssl=true is invalid. Future versions of Node.js will throw an error.
[32minfo[39m: Connected to email server
[32minfo[39m: Connected to MongoDB
[32minfo[39m: Listening to port 3000
[32minfo[39m: result
[32minfo[39m: [UserID: 667fff5dc66738106bd4331a] Result:  
[32minfo[39m: GET /v1/users 200 - 733.716 ms
[31merror[39m: (node:164) [DEP0040] DeprecationWarning: The `punycode` module is deprecated. Please use a userland alternative instead.
(Use `node --trace-deprecation ...` to show where the warning was created)
[31merror[39m: (node:164) [DEP0170] DeprecationWarning: The URL mongodb://multipletrickscom:dYaidKoaW2USZ2Cp@ac-g46iis5-shard-00-02.ztu6p6j.mongodb.net:27017,ac-g46iis5-shard-00-00.ztu6p6j.mongodb.net:27017,ac-g46iis5-shard-00-01.ztu6p6j.mongodb.net:27017/smdbm001?authSource=admin&replicaSet=atlas-ebsjxz-shard-0&retryWrites=true&w=majority&appName=Cluster0&ssl=true is invalid. Future versions of Node.js will throw an error.
[32minfo[39m: Connected to email server
[32minfo[39m: Connected to MongoDB
[32minfo[39m: Listening to port 3000
[32minfo[39m: SIGTERM received
[31merror[39m: (node:47) [DEP0040] DeprecationWarning: The `punycode` module is deprecated. Please use a userland alternative instead.
(Use `node --trace-deprecation ...` to show where the warning was created)
[31merror[39m: (node:47) [DEP0170] DeprecationWarning: The URL mongodb://multipletrickscom:dYaidKoaW2USZ2Cp@ac-g46iis5-shard-00-00.ztu6p6j.mongodb.net:27017,ac-g46iis5-shard-00-01.ztu6p6j.mongodb.net:27017,ac-g46iis5-shard-00-02.ztu6p6j.mongodb.net:27017/smdbm001?authSource=admin&replicaSet=atlas-ebsjxz-shard-0&retryWrites=true&w=majority&appName=Cluster0&ssl=true is invalid. Future versions of Node.js will throw an error.
[32minfo[39m: Connected to email server
[32minfo[39m: Connected to MongoDB
[32minfo[39m: Listening to port 3000
[32minfo[39m: [UserID: 667fff5dc66738106bd4331a] result
[32minfo[39m: [UserID: 667fff5dc66738106bd4331a] Result:  
[32minfo[39m: GET /v1/users 200 - 687.412 ms
[31merror[39m: (node:75) [DEP0040] DeprecationWarning: The `punycode` module is deprecated. Please use a userland alternative instead.
(Use `node --trace-deprecation ...` to show where the warning was created)
[31merror[39m: (node:75) [DEP0170] DeprecationWarning: The URL mongodb://multipletrickscom:dYaidKoaW2USZ2Cp@ac-g46iis5-shard-00-02.ztu6p6j.mongodb.net:27017,ac-g46iis5-shard-00-00.ztu6p6j.mongodb.net:27017,ac-g46iis5-shard-00-01.ztu6p6j.mongodb.net:27017/smdbm001?authSource=admin&replicaSet=atlas-ebsjxz-shard-0&retryWrites=true&w=majority&appName=Cluster0&ssl=true is invalid. Future versions of Node.js will throw an error.
[32minfo[39m: Connected to email server
[32minfo[39m: Connected to MongoDB
[32minfo[39m: Listening to port 3000
[31merror[39m: (node:96) [DEP0040] DeprecationWarning: The `punycode` module is deprecated. Please use a userland alternative instead.
(Use `node --trace-deprecation ...` to show where the warning was created)
[31merror[39m: (node:96) [DEP0170] DeprecationWarning: The URL mongodb://multipletrickscom:dYaidKoaW2USZ2Cp@ac-g46iis5-shard-00-02.ztu6p6j.mongodb.net:27017,ac-g46iis5-shard-00-00.ztu6p6j.mongodb.net:27017,ac-g46iis5-shard-00-01.ztu6p6j.mongodb.net:27017/smdbm001?authSource=admin&replicaSet=atlas-ebsjxz-shard-0&retryWrites=true&w=majority&appName=Cluster0&ssl=true is invalid. Future versions of Node.js will throw an error.
[32minfo[39m: Connected to MongoDB
[32minfo[39m: Listening to port 3000
[32minfo[39m: Connected to email server
[31merror[39m: (node:110) [DEP0040] DeprecationWarning: The `punycode` module is deprecated. Please use a userland alternative instead.
(Use `node --trace-deprecation ...` to show where the warning was created)
[31merror[39m: (node:110) [DEP0170] DeprecationWarning: The URL mongodb://multipletrickscom:dYaidKoaW2USZ2Cp@ac-g46iis5-shard-00-02.ztu6p6j.mongodb.net:27017,ac-g46iis5-shard-00-00.ztu6p6j.mongodb.net:27017,ac-g46iis5-shard-00-01.ztu6p6j.mongodb.net:27017/smdbm001?authSource=admin&replicaSet=atlas-ebsjxz-shard-0&retryWrites=true&w=majority&appName=Cluster0&ssl=true is invalid. Future versions of Node.js will throw an error.
[32minfo[39m: Connected to email server
[31merror[39m: (node:123) [DEP0040] DeprecationWarning: The `punycode` module is deprecated. Please use a userland alternative instead.
(Use `node --trace-deprecation ...` to show where the warning was created)
[31merror[39m: (node:123) [DEP0170] DeprecationWarning: The URL mongodb://multipletrickscom:dYaidKoaW2USZ2Cp@ac-g46iis5-shard-00-02.ztu6p6j.mongodb.net:27017,ac-g46iis5-shard-00-00.ztu6p6j.mongodb.net:27017,ac-g46iis5-shard-00-01.ztu6p6j.mongodb.net:27017/smdbm001?authSource=admin&replicaSet=atlas-ebsjxz-shard-0&retryWrites=true&w=majority&appName=Cluster0&ssl=true is invalid. Future versions of Node.js will throw an error.
[32minfo[39m: Connected to email server
[32minfo[39m: Connected to MongoDB
[32minfo[39m: Listening to port 3000
[31merror[39m: (node:149) [DEP0040] DeprecationWarning: The `punycode` module is deprecated. Please use a userland alternative instead.
(Use `node --trace-deprecation ...` to show where the warning was created)
[31merror[39m: (node:149) [DEP0170] DeprecationWarning: The URL mongodb://multipletrickscom:dYaidKoaW2USZ2Cp@ac-g46iis5-shard-00-02.ztu6p6j.mongodb.net:27017,ac-g46iis5-shard-00-00.ztu6p6j.mongodb.net:27017,ac-g46iis5-shard-00-01.ztu6p6j.mongodb.net:27017/smdbm001?authSource=admin&replicaSet=atlas-ebsjxz-shard-0&retryWrites=true&w=majority&appName=Cluster0&ssl=true is invalid. Future versions of Node.js will throw an error.
[32minfo[39m: Connected to email server
[32minfo[39m: Connected to MongoDB
[32minfo[39m: Listening to port 3000
[31merror[39m: (node:162) [DEP0040] DeprecationWarning: The `punycode` module is deprecated. Please use a userland alternative instead.
(Use `node --trace-deprecation ...` to show where the warning was created)
[31merror[39m: (node:162) [DEP0170] DeprecationWarning: The URL mongodb://multipletrickscom:dYaidKoaW2USZ2Cp@ac-g46iis5-shard-00-02.ztu6p6j.mongodb.net:27017,ac-g46iis5-shard-00-00.ztu6p6j.mongodb.net:27017,ac-g46iis5-shard-00-01.ztu6p6j.mongodb.net:27017/smdbm001?authSource=admin&replicaSet=atlas-ebsjxz-shard-0&retryWrites=true&w=majority&appName=Cluster0&ssl=true is invalid. Future versions of Node.js will throw an error.
[31merror[39m: (node:46) [DEP0040] DeprecationWarning: The `punycode` module is deprecated. Please use a userland alternative instead.
(Use `node --trace-deprecation ...` to show where the warning was created)
[31merror[39m: (node:46) [DEP0170] DeprecationWarning: The URL mongodb://multipletrickscom:dYaidKoaW2USZ2Cp@ac-g46iis5-shard-00-02.ztu6p6j.mongodb.net:27017,ac-g46iis5-shard-00-00.ztu6p6j.mongodb.net:27017,ac-g46iis5-shard-00-01.ztu6p6j.mongodb.net:27017/smdbm001?authSource=admin&replicaSet=atlas-ebsjxz-shard-0&retryWrites=true&w=majority&appName=Cluster0&ssl=true is invalid. Future versions of Node.js will throw an error.
[32minfo[39m: Connected to email server
[32minfo[39m: Connected to MongoDB
[32minfo[39m: Listening to port 3000
[32minfo[39m: [UserID: 667fff5dc66738106bd4331a] result
[32minfo[39m: [UserID: 667fff5dc66738106bd4331a] Result:  
[32minfo[39m: GET /v1/users 200 - 482.447 ms
[31merror[39m: (node:60) [DEP0040] DeprecationWarning: The `punycode` module is deprecated. Please use a userland alternative instead.
(Use `node --trace-deprecation ...` to show where the warning was created)
[31merror[39m: (node:60) [DEP0170] DeprecationWarning: The URL mongodb://multipletrickscom:dYaidKoaW2USZ2Cp@ac-g46iis5-shard-00-02.ztu6p6j.mongodb.net:27017,ac-g46iis5-shard-00-00.ztu6p6j.mongodb.net:27017,ac-g46iis5-shard-00-01.ztu6p6j.mongodb.net:27017/smdbm001?authSource=admin&replicaSet=atlas-ebsjxz-shard-0&retryWrites=true&w=majority&appName=Cluster0&ssl=true is invalid. Future versions of Node.js will throw an error.
[32minfo[39m: Connected to email server
[32minfo[39m: Connected to MongoDB
[32minfo[39m: Listening to port 3000
[32minfo[39m: result
[32minfo[39m: [UserID: 667fff5dc66738106bd4331a] Result:  
[32minfo[39m: GET /v1/users 200 - 1087.085 ms
[31merror[39m: (node:99) [DEP0040] DeprecationWarning: The `punycode` module is deprecated. Please use a userland alternative instead.
(Use `node --trace-deprecation ...` to show where the warning was created)
[31merror[39m: (node:99) [DEP0170] DeprecationWarning: The URL mongodb://multipletrickscom:dYaidKoaW2USZ2Cp@ac-g46iis5-shard-00-00.ztu6p6j.mongodb.net:27017,ac-g46iis5-shard-00-01.ztu6p6j.mongodb.net:27017,ac-g46iis5-shard-00-02.ztu6p6j.mongodb.net:27017/smdbm001?authSource=admin&replicaSet=atlas-ebsjxz-shard-0&retryWrites=true&w=majority&appName=Cluster0&ssl=true is invalid. Future versions of Node.js will throw an error.
[32minfo[39m: Connected to email server
[32minfo[39m: Connected to MongoDB
[32minfo[39m: Listening to port 3000
[32minfo[39m: result : 
[32minfo[39m: [UserID: 667fff5dc66738106bd4331a] Result:  
[32minfo[39m: GET /v1/users 200 - 501.194 ms
[32minfo[39m: SIGTERM received
[31merror[39m: (node:47) [DEP0040] DeprecationWarning: The `punycode` module is deprecated. Please use a userland alternative instead.
(Use `node --trace-deprecation ...` to show where the warning was created)
[31merror[39m: (node:47) [DEP0170] DeprecationWarning: The URL mongodb://multipletrickscom:dYaidKoaW2USZ2Cp@ac-g46iis5-shard-00-00.ztu6p6j.mongodb.net:27017,ac-g46iis5-shard-00-01.ztu6p6j.mongodb.net:27017,ac-g46iis5-shard-00-02.ztu6p6j.mongodb.net:27017/smdbm001?authSource=admin&replicaSet=atlas-ebsjxz-shard-0&retryWrites=true&w=majority&appName=Cluster0&ssl=true is invalid. Future versions of Node.js will throw an error.
[32minfo[39m: Connected to email server
[32minfo[39m: Connected to MongoDB
[32minfo[39m: Listening to port 3000
[32minfo[39m: result : 
[32minfo[39m: [UserID: 667fff5dc66738106bd4331a] Result:  
[32minfo[39m: GET /v1/users 200 - 541.559 ms
[31merror[39m: (node:61) [DEP0040] DeprecationWarning: The `punycode` module is deprecated. Please use a userland alternative instead.
(Use `node --trace-deprecation ...` to show where the warning was created)
[31merror[39m: (node:61) [DEP0170] DeprecationWarning: The URL mongodb://multipletrickscom:dYaidKoaW2USZ2Cp@ac-g46iis5-shard-00-01.ztu6p6j.mongodb.net:27017,ac-g46iis5-shard-00-02.ztu6p6j.mongodb.net:27017,ac-g46iis5-shard-00-00.ztu6p6j.mongodb.net:27017/smdbm001?authSource=admin&replicaSet=atlas-ebsjxz-shard-0&retryWrites=true&w=majority&appName=Cluster0&ssl=true is invalid. Future versions of Node.js will throw an error.
[31merror[39m: (node:75) [DEP0040] DeprecationWarning: The `punycode` module is deprecated. Please use a userland alternative instead.
(Use `node --trace-deprecation ...` to show where the warning was created)
[31merror[39m: (node:75) [DEP0170] DeprecationWarning: The URL mongodb://multipletrickscom:dYaidKoaW2USZ2Cp@ac-g46iis5-shard-00-01.ztu6p6j.mongodb.net:27017,ac-g46iis5-shard-00-02.ztu6p6j.mongodb.net:27017,ac-g46iis5-shard-00-00.ztu6p6j.mongodb.net:27017/smdbm001?authSource=admin&replicaSet=atlas-ebsjxz-shard-0&retryWrites=true&w=majority&appName=Cluster0&ssl=true is invalid. Future versions of Node.js will throw an error.
[32minfo[39m: Connected to email server
[32minfo[39m: Connected to MongoDB
[32minfo[39m: Listening to port 3000
[31merror[39m: (node:89) [DEP0040] DeprecationWarning: The `punycode` module is deprecated. Please use a userland alternative instead.
(Use `node --trace-deprecation ...` to show where the warning was created)
[31merror[39m: (node:89) [DEP0170] DeprecationWarning: The URL mongodb://multipletrickscom:dYaidKoaW2USZ2Cp@ac-g46iis5-shard-00-01.ztu6p6j.mongodb.net:27017,ac-g46iis5-shard-00-02.ztu6p6j.mongodb.net:27017,ac-g46iis5-shard-00-00.ztu6p6j.mongodb.net:27017/smdbm001?authSource=admin&replicaSet=atlas-ebsjxz-shard-0&retryWrites=true&w=majority&appName=Cluster0&ssl=true is invalid. Future versions of Node.js will throw an error.
[32minfo[39m: Connected to email server
[32minfo[39m: Connected to MongoDB
[32minfo[39m: Listening to port 3000
[31merror[39m: (node:103) [DEP0040] DeprecationWarning: The `punycode` module is deprecated. Please use a userland alternative instead.
(Use `node --trace-deprecation ...` to show where the warning was created)
[31merror[39m: (node:103) [DEP0170] DeprecationWarning: The URL mongodb://multipletrickscom:dYaidKoaW2USZ2Cp@ac-g46iis5-shard-00-02.ztu6p6j.mongodb.net:27017,ac-g46iis5-shard-00-00.ztu6p6j.mongodb.net:27017,ac-g46iis5-shard-00-01.ztu6p6j.mongodb.net:27017/smdbm001?authSource=admin&replicaSet=atlas-ebsjxz-shard-0&retryWrites=true&w=majority&appName=Cluster0&ssl=true is invalid. Future versions of Node.js will throw an error.
[32minfo[39m: Connected to email server
[32minfo[39m: Connected to MongoDB
[32minfo[39m: Listening to port 3000
[31merror[39m: Error: Please authenticate
    at /usr/src/node-app/src/middlewares/auth.js:8:19
    at allFailed (/usr/src/node-app/node_modules/passport/lib/middleware/authenticate.js:107:18)
    at attempt (/usr/src/node-app/node_modules/passport/lib/middleware/authenticate.js:180:28)
    at strategy.fail (/usr/src/node-app/node_modules/passport/lib/middleware/authenticate.js:302:9)
    at /usr/src/node-app/node_modules/passport-jwt/lib/strategy.js:106:33
    at /usr/src/node-app/node_modules/jsonwebtoken/verify.js:152:16
    at getSecret (/usr/src/node-app/node_modules/jsonwebtoken/verify.js:90:14)
    at module.exports [as verify] (/usr/src/node-app/node_modules/jsonwebtoken/verify.js:94:10)
    at module.exports [as JwtVerifier] (/usr/src/node-app/node_modules/passport-jwt/lib/verify_jwt.js:4:16)
    at /usr/src/node-app/node_modules/passport-jwt/lib/strategy.js:104:25
    at JwtStrategy._secretOrKeyProvider (/usr/src/node-app/node_modules/passport-jwt/lib/strategy.js:40:13)
    at JwtStrategy.authenticate (/usr/src/node-app/node_modules/passport-jwt/lib/strategy.js:99:10)
    at attempt (/usr/src/node-app/node_modules/passport/lib/middleware/authenticate.js:366:16)
    at authenticate (/usr/src/node-app/node_modules/passport/lib/middleware/authenticate.js:367:7)
    at /usr/src/node-app/src/middlewares/auth.js:26:107
    at new Promise (<anonymous>)
[31merror[39m: GET /v1/users 401 - 8.358 ms - message: Please authenticate
[32minfo[39m: POST /v1/auth/login 200 - 576.280 ms
[32minfo[39m: result : 
[32minfo[39m: [UserID: 667fff5dc66738106bd4331a] [UserID: 667fff5dc66738106bd4331a] Result:  
[32minfo[39m: GET /v1/users 200 - 501.629 ms
[32minfo[39m: Connected to email server
[32minfo[39m: Connected to MongoDB
[32minfo[39m: Listening to port 3000
[32minfo[39m: [UserID: 667fff5dc66738106bd4331a] [UserID: 667fff5dc66738106bd4331a] Result:  
[32minfo[39m: GET /v1/users 200 - 561.683 ms
[32minfo[39m: [UserID: 667fff5dc66738106bd4331a] [UserID: 667fff5dc66738106bd4331a] Result:  
[32minfo[39m: GET /v1/users 200 - 513.936 ms
[32minfo[39m: [UserID: 667fff5dc66738106bd4331a] [UserID: 667fff5dc66738106bd4331a] Result:  
[32minfo[39m: GET /v1/users 200 - 490.982 ms
[32minfo[39m: [UserID: 667fff5dc66738106bd4331a] [UserID: 667fff5dc66738106bd4331a] Result:  
[32minfo[39m: GET /v1/users 200 - 605.772 ms
